<?xml version="1.0" encoding="UTF-8"?>
<testng-results skipped="0" failed="0" ignored="0" total="1" passed="1">
  <reporter-output>
  </reporter-output>
  <suite name="Suite" duration-ms="48421" started-at="2020-05-03T08:44:19Z" finished-at="2020-05-03T08:45:07Z">
    <groups>
    </groups>
    <test name="Test" duration-ms="48421" started-at="2020-05-03T08:44:19Z" finished-at="2020-05-03T08:45:07Z">
      <class name="com.project.TestClasses.FlightTest">
        <test-method status="PASS" signature="FlightSearch1()[pri:0, instance:com.project.TestClasses.FlightTest@7823a2f9]" name="FlightSearch1" duration-ms="48384" started-at="2020-05-03T08:44:19Z" finished-at="2020-05-03T08:45:07Z">
          <reporter-output>
          </reporter-output>
        </test-method> <!-- FlightSearch1 -->
      </class> <!-- com.project.TestClasses.FlightTest -->
    </test> <!-- Test -->
  </suite> <!-- Suite -->
</testng-results>
